<?xml version="1.0" encoding="UTF-8"?>
<!-- Generated by org.testng.reporters.JUnitReportReporter -->
<testsuite skipped="0" hostname="LAPTOP-78PM13E0" name="com.wbl.programs.SwapTwoNumbersTest" tests="6" failures="0" timestamp="08 Jun 2019 22:29:56 GMT" time="0.055" errors="0">
  <testcase name="test3" time="0.004" classname="com.wbl.programs.SwapTwoNumbersTest"/>
  <testcase name="test4" time="0.009" classname="com.wbl.programs.SwapTwoNumbersTest"/>
  <testcase name="test1" time="0.030" classname="com.wbl.programs.SwapTwoNumbersTest"/>
  <testcase name="test5" time="0.004" classname="com.wbl.programs.SwapTwoNumbersTest"/>
  <testcase name="test6" time="0.005" classname="com.wbl.programs.SwapTwoNumbersTest"/>
  <testcase name="test2" time="0.003" classname="com.wbl.programs.SwapTwoNumbersTest"/>
</testsuite> <!-- com.wbl.programs.SwapTwoNumbersTest -->
