<?xml version="1.0" encoding="UTF-8"?>
<!-- Generated by org.testng.reporters.JUnitReportReporter -->
<testsuite skipped="0" hostname="LAPTOP-78PM13E0" name="com.wbl.Programs.TestDuplicateCharecters" tests="1" failures="0" timestamp="05 Jun 2019 19:45:26 GMT" time="0.035" errors="0">
  <testcase name="reverseMethod" time="0.035" classname="com.wbl.Programs.TestDuplicateCharecters"/>
</testsuite> <!-- com.wbl.Programs.TestDuplicateCharecters -->
