<?xml version="1.0" encoding="UTF-8"?>
<!-- Generated by org.testng.reporters.JUnitReportReporter -->
<testsuite skipped="0" hostname="LAPTOP-78PM13E0" name="com.wbl.Programs.SecondMaxTest" tests="2" failures="0" timestamp="05 Jun 2019 23:16:19 GMT" time="0.018" errors="0">
  <testcase name="test1" time="0.016" classname="com.wbl.Programs.SecondMaxTest"/>
  <testcase name="test2" time="0.002" classname="com.wbl.Programs.SecondMaxTest"/>
</testsuite> <!-- com.wbl.Programs.SecondMaxTest -->
